This is LuaTeX, Version 0.95.0 (TeX Live 2016)  (format=lualatex 2017.2.20)  2 NOV 2018 16:41
 restricted system commands enabled.
**The_perturbation_of_Moore-Penrose_inverse.tex
(./The_perturbation_of_Moore-Penrose_inverse.tex
LaTeX2e <2016/03/31>
Babel <3.9r> and hyphenation patterns for 1 language(s) loaded.
(/usr/local/texlive/2016/texmf-dist/tex/latex/base/article.cls
Document Class: article 2014/09/29 v1.4h Standard LaTeX document class
(/usr/local/texlive/2016/texmf-dist/tex/latex/base/size11.clo
File: size11.clo 2014/09/29 v1.4h Standard LaTeX file (size option)
)
\c@part=\count79
\c@section=\count80
\c@subsection=\count81
\c@subsubsection=\count82
\c@paragraph=\count83
\c@subparagraph=\count84
\c@figure=\count85
\c@table=\count86
\abovecaptionskip=\skip41
\belowcaptionskip=\skip42
\bibindent=\dimen102
)
(/usr/local/texlive/2016/texmf-dist/tex/latex/jknapltx/mathrsfs.sty
Package: mathrsfs 1996/01/01 Math RSFS package v1.0 (jk)
\symrsfs=\mathgroup4
)
(/usr/local/texlive/2016/texmf-dist/tex/latex/units/nicefrac.sty
Package: nicefrac 1998/08/04 v0.9b Nice fractions
\L@UnitsRaiseDisplaystyle=\skip43
\L@UnitsRaiseTextstyle=\skip44
\L@UnitsRaiseScriptstyle=\skip45

(/usr/local/texlive/2016/texmf-dist/tex/latex/base/ifthen.sty
Package: ifthen 2014/09/29 v1.1c Standard LaTeX ifthen package (DPC)
))
(/usr/local/texlive/2016/texmf-dist/tex/latex/base/fontenc.sty
Package: fontenc 2005/09/27 v1.99g Standard LaTeX package

(/usr/local/texlive/2016/texmf-dist/tex/latex/base/t1enc.def
File: t1enc.def 2005/09/27 v1.99g Standard LaTeX file
LaTeX Font Info:    Redeclaring font encoding T1 on input line 48.
))
(/usr/local/texlive/2016/texmf-dist/tex/latex/base/latexsym.sty
Package: latexsym 1998/08/17 v2.2e Standard LaTeX package (lasy symbols)
\symlasy=\mathgroup5
LaTeX Font Info:    Overwriting symbol font `lasy' in version `bold'
(Font)                  U/lasy/m/n --> U/lasy/b/n on input line 52.
)
(/usr/local/texlive/2016/texmf-dist/tex/latex/amsfonts/amssymb.sty
Package: amssymb 2013/01/14 v3.01 AMS font symbols

(/usr/local/texlive/2016/texmf-dist/tex/latex/amsfonts/amsfonts.sty
Package: amsfonts 2013/01/14 v3.01 Basic AMSFonts support
\@emptytoks=\toks14
\symAMSa=\mathgroup6
\symAMSb=\mathgroup7
LaTeX Font Info:    Overwriting math alphabet `\mathfrak' in version `bold'
(Font)                  U/euf/m/n --> U/euf/b/n on input line 106.
))
(/usr/local/texlive/2016/texmf-dist/tex/latex/amsmath/amsmath.sty
Package: amsmath 2016/03/10 v2.15b AMS math features
\@mathmargin=\skip46

For additional information on amsmath, use the `?' option.
(/usr/local/texlive/2016/texmf-dist/tex/latex/amsmath/amstext.sty
Package: amstext 2000/06/29 v2.01 AMS text

(/usr/local/texlive/2016/texmf-dist/tex/latex/amsmath/amsgen.sty
File: amsgen.sty 1999/11/30 v2.0 generic functions
\@emptytoks=\toks15
\ex@=\dimen103
))
(/usr/local/texlive/2016/texmf-dist/tex/latex/amsmath/amsbsy.sty
Package: amsbsy 1999/11/29 v1.2d Bold Symbols
\pmbraise@=\dimen104
)
(/usr/local/texlive/2016/texmf-dist/tex/latex/amsmath/amsopn.sty
Package: amsopn 2016/03/08 v2.02 operator names
)
\inf@bad=\count87
LaTeX Info: Redefining \frac on input line 199.
\uproot@=\count88
\leftroot@=\count89
LaTeX Info: Redefining \overline on input line 297.
\classnum@=\count90
\DOTSCASE@=\count91
LaTeX Info: Redefining \ldots on input line 394.
LaTeX Info: Redefining \dots on input line 397.
LaTeX Info: Redefining \cdots on input line 518.
\Mathstrutbox@=\box26
\strutbox@=\box27
\big@size=\dimen105
LaTeX Font Info:    Redeclaring font encoding OML on input line 634.
LaTeX Font Info:    Redeclaring font encoding OMS on input line 635.
\macc@depth=\count92
\c@MaxMatrixCols=\count93
\dotsspace@=\muskip10
\c@parentequation=\count94
\dspbrk@lvl=\count95
\tag@help=\toks16
\row@=\count96
\column@=\count97
\maxfields@=\count98
\andhelp@=\toks17
\eqnshift@=\dimen106
\alignsep@=\dimen107
\tagshift@=\dimen108
\tagwidth@=\dimen109
\totwidth@=\dimen110
\lineht@=\dimen111
\@envbody=\toks18
\multlinegap=\skip47
\multlinetaggap=\skip48
\mathdisplay@stack=\toks19
LaTeX Info: Redefining \[ on input line 2739.
LaTeX Info: Redefining \] on input line 2740.
)
(/usr/local/texlive/2016/texmf-dist/tex/latex/amscls/amsthm.sty
Package: amsthm 2015/03/04 v2.20.2
\thm@style=\toks20
\thm@bodyfont=\toks21
\thm@headfont=\toks22
\thm@notefont=\toks23
\thm@headpunct=\toks24
\thm@preskip=\skip49
\thm@postskip=\skip50
\thm@headsep=\skip51
\dth@everypar=\toks25
)
(/usr/local/texlive/2016/texmf-dist/tex/latex/graphics/graphicx.sty
Package: graphicx 2014/10/28 v1.0g Enhanced LaTeX Graphics (DPC,SPQR)

(/usr/local/texlive/2016/texmf-dist/tex/latex/graphics/keyval.sty
Package: keyval 2014/10/28 v1.15 key=value parser (DPC)
\KV@toks@=\toks26
)
(/usr/local/texlive/2016/texmf-dist/tex/latex/graphics/graphics.sty
Package: graphics 2016/05/09 v1.0r Standard LaTeX Graphics (DPC,SPQR)

(/usr/local/texlive/2016/texmf-dist/tex/latex/graphics/trig.sty
Package: trig 2016/01/03 v1.10 sin cos tan (DPC)
)
(/usr/local/texlive/2016/texmf-dist/tex/latex/graphics-cfg/graphics.cfg
File: graphics.cfg 2016/01/02 v1.10 sample graphics configuration
)
Package graphics Info: Driver file: luatex.def on input line 96.

(/usr/local/texlive/2016/texmf-dist/tex/lualatex/luatex-def/luatex.def
File: luatex.def 2016/01/23 v0.01b Graphics/Color for luaTeX

(/usr/local/texlive/2016/texmf-dist/tex/generic/oberdiek/infwarerr.sty
Package: infwarerr 2016/05/16 v1.4 Providing info/warning/error messages (HO)
)
(/usr/local/texlive/2016/texmf-dist/tex/generic/oberdiek/ltxcmds.sty
Package: ltxcmds 2016/05/16 v1.23 LaTeX kernel commands for general use (HO)
)
\Gread@gobject=\count99
))
\Gin@req@height=\dimen112
\Gin@req@width=\dimen113
)
(/usr/local/texlive/2016/texmf-dist/tex/latex/caption/caption.sty
Package: caption 2016/02/21 v3.3-144 Customizing captions (AR)

(/usr/local/texlive/2016/texmf-dist/tex/latex/caption/caption3.sty
Package: caption3 2016/02/04 v1.7-139 caption3 kernel (AR)
Package caption3 Info: TeX engine: e-TeX on input line 67.
\captionmargin=\dimen114
\captionmargin@=\dimen115
\captionwidth=\dimen116
\caption@tempdima=\dimen117
\caption@indent=\dimen118
\caption@parindent=\dimen119
\caption@hangindent=\dimen120
)
\c@ContinuedFloat=\count100
)
(/usr/local/texlive/2016/texmf-dist/tex/latex/base/inputenc.sty
Package: inputenc 2015/03/17 v1.2c Input encoding file
\inpenc@prehook=\toks27
\inpenc@posthook=\toks28


Package inputenc Warning: inputenc package ignored with utf8 based engines.

) (/usr/local/texlive/2016/texmf-dist/tex/latex/preprint/authblk.sty
Package: authblk 2001/02/27 1.3 (PWD)
\affilsep=\skip52
\@affilsep=\skip53
\c@Maxaffil=\count101
\c@authors=\count102
\c@affil=\count103
)
(/usr/local/texlive/2016/texmf-dist/tex/latex/tools/bm.sty
Package: bm 2016/02/27 v1.2a Bold Symbol Support (DPC/FMi)
\symboldoperators=\mathgroup8
\symboldletters=\mathgroup9
\symboldsymbols=\mathgroup10
\symboldlasy=\mathgroup11
LaTeX Font Info:    Redeclaring math alphabet \mathbf on input line 142.
LaTeX Info: Redefining \bm on input line 208.
)
(/usr/local/texlive/2016/texmf-dist/tex/latex/bezos/accents.sty
Package: accents 2006/05/12 v1.3 Math Accent Tools
\cc@skew=\dimen121
\cc@wd=\dimen122
\cc@code=\count104
\cc@group=\count105
\cc@skewchar=\count106
)
(/usr/local/texlive/2016/texmf-dist/tex/latex/booktabs/booktabs.sty
Package: booktabs 2016/04/27 v1.618033 publication quality tables
\heavyrulewidth=\dimen123
\lightrulewidth=\dimen124
\cmidrulewidth=\dimen125
\belowrulesep=\dimen126
\belowbottomsep=\dimen127
\aboverulesep=\dimen128
\abovetopsep=\dimen129
\cmidrulesep=\dimen130
\cmidrulekern=\dimen131
\defaultaddspace=\dimen132
\@cmidla=\count107
\@cmidlb=\count108
\@aboverulesep=\dimen133
\@belowrulesep=\dimen134
\@thisruleclass=\count109
\@lastruleclass=\count110
\@thisrulewidth=\dimen135
)
(/usr/local/texlive/2016/texmf-dist/tex/latex/hyperref/hyperref.sty
Package: hyperref 2016/05/05 v6.83n Hypertext links for LaTeX

(/usr/local/texlive/2016/texmf-dist/tex/generic/luatex85/luatex85.sty
Package: luatex85 2016/03/01 v1.0 pdftex aliases for luatex
)
(/usr/local/texlive/2016/texmf-dist/tex/generic/oberdiek/hobsub-hyperref.sty
Package: hobsub-hyperref 2016/05/16 v1.14 Bundle oberdiek, subset hyperref (HO)

(/usr/local/texlive/2016/texmf-dist/tex/generic/oberdiek/hobsub-generic.sty
Package: hobsub-generic 2016/05/16 v1.14 Bundle oberdiek, subset generic (HO)
Package: hobsub 2016/05/16 v1.14 Construct package bundles (HO)
Package hobsub Info: Skipping package `infwarerr' (already loaded).
Package hobsub Info: Skipping package `ltxcmds' (already loaded).
Package: ifluatex 2016/05/16 v1.4 Provides the ifluatex switch (HO)
Package ifluatex Info: LuaTeX detected.
Package: ifvtex 2016/05/16 v1.6 Detect VTeX and its facilities (HO)
Package ifvtex Info: VTeX not detected.
Package: intcalc 2016/05/16 v1.2 Expandable calculations with integers (HO)
Package: ifpdf 2016/05/14 v3.1 Provides the ifpdf switch
Package: etexcmds 2016/05/16 v1.6 Avoid name clashes with e-TeX commands (HO)
Package: kvsetkeys 2016/05/16 v1.17 Key value parser (HO)
Package: kvdefinekeys 2016/05/16 v1.4 Define keys (HO)
Package: luatex-loader 2016/05/16 v0.6 Lua module loader (HO)

(/usr/local/texlive/2016/texmf-dist/scripts/oberdiek/oberdiek.luatex.lua)
Package: pdftexcmds 2016/05/10 v0.21 Utility functions of pdfTeX for LuaTeX (HO)

Package pdftexcmds Info: \pdf@primitive is available.
Package pdftexcmds Info: \pdf@ifprimitive is available.
Package pdftexcmds Info: \pdfdraftmode found.
\pdftexcmds@toks=\toks29
Package: pdfescape 2016/05/16 v1.14 Implements pdfTeX's escape features (HO)
Package: bigintcalc 2016/05/16 v1.4 Expandable calculations on big integers (HO)

Package: bitset 2016/05/16 v1.2 Handle bit-vector datatype (HO)
Package: uniquecounter 2016/05/16 v1.3 Provide unlimited unique counter (HO)
)
Package hobsub Info: Skipping package `hobsub' (already loaded).
Package: letltxmacro 2016/05/16 v1.5 Let assignment for LaTeX macros (HO)
Package: hopatch 2016/05/16 v1.3 Wrapper for package hooks (HO)
Package: xcolor-patch 2016/05/16 xcolor patch
Package: atveryend 2016/05/16 v1.9 Hooks at the very end of document (HO)
Package atveryend Info: \enddocument detected (standard20110627).
Package: atbegshi 2016/05/16 v1.17 At begin shipout hook (HO)
Package: refcount 2016/05/16 v3.5 Data extraction from label references (HO)
Package: hycolor 2016/05/16 v1.8 Color options for hyperref/bookmark (HO)
)
(/usr/local/texlive/2016/texmf-dist/tex/generic/ifxetex/ifxetex.sty
Package: ifxetex 2010/09/12 v0.6 Provides ifxetex conditional
)
(/usr/local/texlive/2016/texmf-dist/tex/latex/oberdiek/auxhook.sty
Package: auxhook 2016/05/16 v1.4 Hooks for auxiliary files (HO)
)
(/usr/local/texlive/2016/texmf-dist/tex/latex/oberdiek/kvoptions.sty
Package: kvoptions 2016/05/16 v3.12 Key value format for package options (HO)
)
\@linkdim=\dimen136
\Hy@linkcounter=\count111
\Hy@pagecounter=\count112

(/usr/local/texlive/2016/texmf-dist/tex/latex/hyperref/pd1enc.def
File: pd1enc.def 2016/05/05 v6.83n Hyperref: PDFDocEncoding definition (HO)
)
\Hy@SavedSpaceFactor=\count113

(/usr/local/texlive/2016/texmf-dist/tex/latex/latexconfig/hyperref.cfg
File: hyperref.cfg 2002/06/06 v1.2 hyperref configuration of TeXLive
)
Package hyperref Info: Option `colorlinks' set `true' on input line 4322.
Package hyperref Info: Hyper figures OFF on input line 4446.
Package hyperref Info: Link nesting OFF on input line 4451.
Package hyperref Info: Hyper index ON on input line 4454.
Package hyperref Info: Plain pages OFF on input line 4461.
Package hyperref Info: Backreferencing OFF on input line 4466.
Package hyperref Info: Implicit mode ON; LaTeX internals redefined.
Package hyperref Info: Bookmarks ON on input line 4691.
\c@Hy@tempcnt=\count114

(/usr/local/texlive/2016/texmf-dist/tex/latex/url/url.sty
\Urlmuskip=\muskip11
Package: url 2013/09/16  ver 3.4  Verb mode for urls, etc.
)
LaTeX Info: Redefining \url on input line 5044.
\XeTeXLinkMargin=\dimen137
\Fld@menulength=\count115
\Field@Width=\dimen138
\Fld@charsize=\dimen139
Package hyperref Info: Hyper figures OFF on input line 6298.
Package hyperref Info: Link nesting OFF on input line 6303.
Package hyperref Info: Hyper index ON on input line 6306.
Package hyperref Info: backreferencing OFF on input line 6313.
Package hyperref Info: Link coloring ON on input line 6316.
Package hyperref Info: Link coloring with OCG OFF on input line 6323.
Package hyperref Info: PDF/A mode OFF on input line 6328.
LaTeX Info: Redefining \ref on input line 6368.
LaTeX Info: Redefining \pageref on input line 6372.
\Hy@abspage=\count116
\c@Item=\count117
\c@Hfootnote=\count118
)

Package hyperref Message: Driver: hpdftex.

(/usr/local/texlive/2016/texmf-dist/tex/latex/hyperref/hpdftex.def
File: hpdftex.def 2016/05/05 v6.83n Hyperref driver for pdfTeX
\Fld@listcount=\count119
\c@bookmark@seq@number=\count120

(/usr/local/texlive/2016/texmf-dist/tex/latex/oberdiek/rerunfilecheck.sty
Package: rerunfilecheck 2016/05/16 v1.8 Rerun checks for auxiliary files (HO)
Package uniquecounter Info: New unique counter `rerunfilecheck' on input line 28
2.
)
\Hy@SectionHShift=\skip54
)
\c@theorem=\count121
\c@lemma=\count122
\c@corollary=\count123
\c@remark=\count124
\c@example=\count125

No file The_perturbation_of_Moore-Penrose_inverse.aux.

\openout1 = The_perturbation_of_Moore-Penrose_inverse.aux
LaTeX Font Info:    Checking defaults for OML/cmm/m/it on input line 40.
LaTeX Font Info:    ... okay on input line 40.
LaTeX Font Info:    Checking defaults for T1/cmr/m/n on input line 40.
LaTeX Font Info:    ... okay on input line 40.
LaTeX Font Info:    Checking defaults for OT1/cmr/m/n on input line 40.
LaTeX Font Info:    ... okay on input line 40.
LaTeX Font Info:    Checking defaults for OMS/cmsy/m/n on input line 40.
LaTeX Font Info:    ... okay on input line 40.
LaTeX Font Info:    Checking defaults for OMX/cmex/m/n on input line 40.
LaTeX Font Info:    ... okay on input line 40.
LaTeX Font Info:    Checking defaults for U/cmr/m/n on input line 40.
LaTeX Font Info:    ... okay on input line 40.
LaTeX Font Info:    Checking defaults for PD1/pdf/m/n on input line 40.
LaTeX Font Info:    ... okay on input line 40.
(/usr/local/texlive/2016/texmf-dist/tex/context/base/mkii/supp-pdf.mkii
[Loading MPS to PDF converter (version 2006.09.02).]
\scratchcounter=\count126
\scratchdimen=\dimen140
\scratchbox=\box28
\nofMPsegments=\count127
\nofMParguments=\count128
\everyMPshowfont=\toks30
\MPscratchCnt=\count129
\MPscratchDim=\dimen141
\MPnumerator=\count130
\makeMPintoPDFobject=\count131
\everyMPtoPDFconversion=\toks31
) (/usr/local/texlive/2016/texmf-dist/tex/latex/oberdiek/epstopdf-base.sty
Package: epstopdf-base 2016/05/15 v2.6 Base part for package epstopdf

(/usr/local/texlive/2016/texmf-dist/tex/latex/oberdiek/grfext.sty
Package: grfext 2016/05/16 v1.2 Manage graphics extensions (HO)
)
Package epstopdf-base Info: Redefining graphics rule for `.eps' on input line 43
8.
Package grfext Info: Graphics extension search list:
(grfext)             [.png,.pdf,.jpg,.mps,.jpeg,.jbig2,.jb2,.PNG,.PDF,.JPG,.JPEG
,.JBIG2,.JB2,.eps]
(grfext)             \AppendGraphicsExtensions on input line 456.

(/usr/local/texlive/2016/texmf-dist/tex/latex/latexconfig/epstopdf-sys.cfg
File: epstopdf-sys.cfg 2010/07/13 v1.3 Configuration of (r)epstopdf for TeX Live

))
Package caption Info: Begin \AtBeginDocument code.
Package caption Info: hyperref package is loaded.
Package caption Info: End \AtBeginDocument code.
\AtBeginShipoutBox=\box29

(/usr/local/texlive/2016/texmf-dist/tex/latex/graphics/color.sty
Package: color 2016/05/09 v1.1c Standard LaTeX Color (DPC)

(/usr/local/texlive/2016/texmf-dist/tex/latex/graphics-cfg/color.cfg
File: color.cfg 2016/01/02 v1.6 sample color configuration
)
Package color Info: Driver file: luatex.def on input line 144.
)
Package hyperref Info: Link coloring ON on input line 40.

(/usr/local/texlive/2016/texmf-dist/tex/latex/hyperref/nameref.sty
Package: nameref 2012/10/27 v2.43 Cross-referencing by name of section

(/usr/local/texlive/2016/texmf-dist/tex/generic/oberdiek/gettitlestring.sty
Package: gettitlestring 2016/05/16 v1.5 Cleanup title references (HO)
)
\c@section@level=\count132
)
LaTeX Info: Redefining \ref on input line 40.
LaTeX Info: Redefining \pageref on input line 40.
LaTeX Info: Redefining \nameref on input line 40.
\@outlinefile=\write3

\openout3 = The_perturbation_of_Moore-Penrose_inverse.out
LaTeX Font Info:    Try loading font information for U+rsfs on input line 53.

(/usr/local/texlive/2016/texmf-dist/tex/latex/jknapltx/ursfs.fd
File: ursfs.fd 1998/03/24 rsfs font definition file (jk)
)
LaTeX Font Info:    Try loading font information for U+lasy on input line 53.

(/usr/local/texlive/2016/texmf-dist/tex/latex/base/ulasy.fd
File: ulasy.fd 1998/08/17 v2.2e LaTeX symbol font definitions
)
LaTeX Font Info:    Try loading font information for U+msa on input line 53.

(/usr/local/texlive/2016/texmf-dist/tex/latex/amsfonts/umsa.fd
File: umsa.fd 2013/01/14 v3.01 AMS symbols A
)
LaTeX Font Info:    Try loading font information for U+msb on input line 53.

(/usr/local/texlive/2016/texmf-dist/tex/latex/amsfonts/umsb.fd
File: umsb.fd 2013/01/14 v3.01 AMS symbols B
)
LaTeX Font Info:    Font shape `U/lasy/b/n' in size <8> not available
(Font)              Font shape `U/lasy/m/n' tried instead on input line 53.
LaTeX Font Info:    Font shape `U/lasy/b/n' in size <6> not available
(Font)              Font shape `U/lasy/m/n' tried instead on input line 53.
LaTeX Font Info:    Try loading font information for OMS+cmr on input line 53.

(/usr/local/texlive/2016/texmf-dist/tex/latex/base/omscmr.fd
File: omscmr.fd 2014/09/29 v2.5h Standard LaTeX font definitions
)
LaTeX Font Info:    Font shape `OMS/cmr/m/n' in size <8> not available
(Font)              Font shape `OMS/cmsy/m/n' tried instead on input line 53.
LaTeX Font Info:    Font shape `U/lasy/b/n' in size <9> not available
(Font)              Font shape `U/lasy/m/n' tried instead on input line 53.
LaTeX Font Info:    Font shape `U/lasy/b/n' in size <5> not available
(Font)              Font shape `U/lasy/m/n' tried instead on input line 53.
LaTeX Font Info:    Font shape `OMS/cmr/m/n' in size <6> not available
(Font)              Font shape `OMS/cmsy/m/n' tried instead on input line 53.
LaTeX Font Info:    Try loading font information for T1+cmtt on input line 53.

(/usr/local/texlive/2016/texmf-dist/tex/latex/base/t1cmtt.fd
File: t1cmtt.fd 2014/09/29 v2.5h Standard LaTeX font definitions
)

LaTeX Warning: Citation `Penrose1955' on page 1 undefined on input line 70.


LaTeX Warning: Citation `Penrose1956' on page 1 undefined on input line 70.

[1

{/usr/local/texlive/2016/texmf-var/fonts/map/pdftex/updmap/pdftex.map}]

LaTeX Warning: Reference `LSP' on page 2 undefined on input line 78.


LaTeX Warning: Reference `LSP' on page 2 undefined on input line 82.


LaTeX Warning: Citation `Boullion1971' on page 2 undefined on input line 84.


LaTeX Warning: Citation `Rao1971' on page 2 undefined on input line 84.


LaTeX Warning: Citation `Ben2003' on page 2 undefined on input line 84.


LaTeX Warning: Citation `Pisinger2007' on page 2 undefined on input line 84.


LaTeX Warning: Citation `Drineas2011' on page 2 undefined on input line 84.


LaTeX Warning: Citation `Hoyle2011' on page 2 undefined on input line 84.


LaTeX Warning: Citation `Smoktunowicz2012' on page 2 undefined on input line 84.



LaTeX Warning: Citation `Bodnar2016' on page 2 undefined on input line 84.


LaTeX Warning: Citation `Schost2016' on page 2 undefined on input line 84.


LaTeX Warning: Citation `Ben1966' on page 2 undefined on input line 84.


LaTeX Warning: Citation `Stewart1969' on page 2 undefined on input line 84.


LaTeX Warning: Citation `Wedin1973' on page 2 undefined on input line 84.


LaTeX Warning: Citation `Abdelmalek1974' on page 2 undefined on input line 84.


LaTeX Warning: Citation `Stewart1977' on page 2 undefined on input line 84.


LaTeX Warning: Citation `Sun2001' on page 2 undefined on input line 84.


LaTeX Warning: Citation `Meng2010' on page 2 undefined on input line 84.


LaTeX Warning: Citation `Cai2011' on page 2 undefined on input line 84.


LaTeX Warning: Citation `Li2018' on page 2 undefined on input line 84.


LaTeX Warning: Citation `Wedin1973' on page 2 undefined on input line 86.


LaTeX Warning: Reference `tab:Wedin1' on page 2 undefined on input line 90.


LaTeX Warning: Reference `tab:Wedin2' on page 2 undefined on input line 94.

LaTeX Font Info:    Font shape `U/lasy/b/n' in size <7> not available
(Font)              Font shape `U/lasy/m/n' tried instead on input line 106.

LaTeX Warning: Reference `Wedin1' on page 2 undefined on input line 106.


LaTeX Warning: Reference `Wedin1' on page 2 undefined on input line 106.


LaTeX Warning: Reference `Wedin2' on page 2 undefined on input line 122.


LaTeX Warning: Reference `Wedin2' on page 2 undefined on input line 122.


LaTeX Warning: Citation `Meng2010' on page 2 undefined on input line 126.


LaTeX Warning: Reference `Wedin1' on page 2 undefined on input line 126.


LaTeX Warning: Reference `Wedin2' on page 2 undefined on input line 126.

[2]

LaTeX Warning: Citation `Li2018' on page 3 undefined on input line 134.


LaTeX Warning: Reference `Meng1' on page 3 undefined on input line 134.


LaTeX Warning: Citation `Li2018' on page 3 undefined on input line 139.


LaTeX Warning: Reference `Li1' on page 3 undefined on input line 148.


LaTeX Warning: Reference `Meng1' on page 3 undefined on input line 148.


LaTeX Warning: Reference `Li1' on page 3 undefined on input line 148.


LaTeX Warning: Reference `Li1' on page 3 undefined on input line 158.


LaTeX Warning: Reference `Wedin1' on page 3 undefined on input line 171.


LaTeX Warning: Reference `Li2.2' on page 3 undefined on input line 171.


LaTeX Warning: Reference `sec:pre' on page 3 undefined on input line 173.


LaTeX Warning: Reference `sec:main' on page 3 undefined on input line 173.


LaTeX Warning: Reference `sec:numer' on page 3 undefined on input line 173.


LaTeX Warning: Reference `sec:con' on page 3 undefined on input line 173.

[3]

LaTeX Warning: Citation `Neumann1937' on page 4 undefined on input line 183.


LaTeX Warning: Citation `Neumann1937' on page 4 undefined on input line 187.


LaTeX Warning: Reference `SVD-A' on page 4 undefined on input line 209.


LaTeX Warning: Reference `SVD-B' on page 4 undefined on input line 209.


LaTeX Warning: Reference `SVD-A' on page 4 undefined on input line 222.


LaTeX Warning: Reference `SVD-B' on page 4 undefined on input line 222.


LaTeX Warning: Reference `MP-A' on page 4 undefined on input line 222.


LaTeX Warning: Reference `MP-B' on page 4 undefined on input line 222.


LaTeX Warning: Reference `SVD-A' on page 4 undefined on input line 225.


LaTeX Warning: Reference `SVD-B' on page 4 undefined on input line 225.


LaTeX Warning: Reference `MP-A' on page 4 undefined on input line 235.


LaTeX Warning: Reference `MP-B' on page 4 undefined on input line 235.

[4]

LaTeX Warning: Reference `SVD-A' on page 5 undefined on input line 253.


LaTeX Warning: Reference `SVD-B' on page 5 undefined on input line 253.


LaTeX Warning: Reference `MP-A' on page 5 undefined on input line 253.


LaTeX Warning: Reference `MP-B' on page 5 undefined on input line 253.


LaTeX Warning: Reference `rela1.1' on page 5 undefined on input line 272.


LaTeX Warning: Reference `B+EA+' on page 5 undefined on input line 272.


LaTeX Warning: Reference `ide1.1' on page 5 undefined on input line 272.


LaTeX Warning: Reference `ide1.2' on page 5 undefined on input line 272.


LaTeX Warning: Reference `rela1.2' on page 5 undefined on input line 272.


LaTeX Warning: Reference `A+EB+' on page 5 undefined on input line 272.


LaTeX Warning: Reference `identity' on page 5 undefined on input line 275.


LaTeX Warning: Reference `identity' on page 5 undefined on input line 278.


LaTeX Warning: Citation `Chen2016' on page 5 undefined on input line 294.


LaTeX Warning: Reference `SVD-A' on page 5 undefined on input line 297.


LaTeX Warning: Reference `SVD-B' on page 5 undefined on input line 297.

[5]

LaTeX Warning: Reference `von' on page 6 undefined on input line 332.


LaTeX Warning: Reference `trace' on page 6 undefined on input line 336.


LaTeX Warning: Reference `real' on page 6 undefined on input line 336.


LaTeX Warning: Reference `up+low1' on page 6 undefined on input line 336.


LaTeX Warning: Reference `up+low2' on page 6 undefined on input line 336.


LaTeX Warning: Reference `up+low1' on page 6 undefined on input line 340.


LaTeX Warning: Reference `up+low2' on page 6 undefined on input line 340.


LaTeX Warning: Citation `Stewart1969' on page 6 undefined on input line 340.


LaTeX Warning: Reference `up+low2' on page 6 undefined on input line 344.


LaTeX Warning: Reference `Ex0' on page 6 undefined on input line 344.


LaTeX Warning: Reference `up+low2' on page 6 undefined on input line 344.


LaTeX Warning: Reference `SVD-A' on page 6 undefined on input line 366.


LaTeX Warning: Reference `SVD-B' on page 6 undefined on input line 366.


LaTeX Warning: Reference `MP-A' on page 6 undefined on input line 366.


LaTeX Warning: Reference `MP-B' on page 6 undefined on input line 366.

[6]

LaTeX Warning: Reference `upE+1.1' on page 7 undefined on input line 396.


LaTeX Warning: Reference `U1starU2' on page 7 undefined on input line 396.


LaTeX Warning: Reference `V2starV1' on page 7 undefined on input line 396.


LaTeX Warning: Reference `up1' on page 7 undefined on input line 404.


LaTeX Warning: Reference `part1.1' on page 7 undefined on input line 404.


LaTeX Warning: Reference `part1.2' on page 7 undefined on input line 404.


LaTeX Warning: Reference `up1' on page 7 undefined on input line 417.


LaTeX Warning: Reference `up1' on page 7 undefined on input line 422.


LaTeX Warning: Reference `Li2.1' on page 7 undefined on input line 422.

[7]

LaTeX Warning: Reference `s=r' on page 8 undefined on input line 434.


LaTeX Warning: Reference `up1' on page 8 undefined on input line 443.


LaTeX Warning: Reference `Li2.2' on page 8 undefined on input line 447.


LaTeX Warning: Reference `up1' on page 8 undefined on input line 447.


LaTeX Warning: Reference `Li2.2' on page 8 undefined on input line 447.


LaTeX Warning: Reference `up-thm1' on page 8 undefined on input line 450.


LaTeX Warning: Reference `up-thm1' on page 8 undefined on input line 453.


LaTeX Warning: Reference `SVD-A' on page 8 undefined on input line 465.


LaTeX Warning: Reference `SVD-B' on page 8 undefined on input line 465.


LaTeX Warning: Reference `MP-A' on page 8 undefined on input line 465.


LaTeX Warning: Reference `MP-B' on page 8 undefined on input line 465.


LaTeX Warning: Reference `E1' on page 8 undefined on input line 480.


LaTeX Warning: Reference `EB+B' on page 8 undefined on input line 480.


LaTeX Warning: Reference `AA+E' on page 8 undefined on input line 480.

[8]

LaTeX Warning: Reference `up1' on page 9 undefined on input line 497.


LaTeX Warning: Reference `corup1.1' on page 9 undefined on input line 497.


LaTeX Warning: Reference `up-thm1' on page 9 undefined on input line 501.


LaTeX Warning: Reference `corup1.2' on page 9 undefined on input line 517.


LaTeX Warning: Reference `up-thm1' on page 9 undefined on input line 517.


LaTeX Warning: Reference `Meng1' on page 9 undefined on input line 520.


LaTeX Warning: Reference `Meng2' on page 9 undefined on input line 520.


LaTeX Warning: Reference `Li1' on page 9 undefined on input line 520.


LaTeX Warning: Reference `E1' on page 9 undefined on input line 544.

[9]

LaTeX Warning: Reference `upE+1.1' on page 10 undefined on input line 558.


LaTeX Warning: Reference `up-UV1' on page 10 undefined on input line 558.


LaTeX Warning: Reference `up2.1' on page 10 undefined on input line 566.


LaTeX Warning: Reference `E2' on page 10 undefined on input line 579.


LaTeX Warning: Reference `s=r' on page 10 undefined on input line 579.


LaTeX Warning: Reference `upE+1.1' on page 10 undefined on input line 593.


LaTeX Warning: Reference `up-UV2' on page 10 undefined on input line 593.

[10]

LaTeX Warning: Reference `up2.2' on page 11 undefined on input line 601.


LaTeX Warning: Reference `up2.1' on page 11 undefined on input line 605.


LaTeX Warning: Reference `comp1' on page 11 undefined on input line 618.


LaTeX Warning: Reference `Meng1' on page 11 undefined on input line 618.


LaTeX Warning: Reference `Li1' on page 11 undefined on input line 618.


LaTeX Warning: Reference `up2.2' on page 11 undefined on input line 622.


LaTeX Warning: Reference `Meng2' on page 11 undefined on input line 622.


LaTeX Warning: Citation `Stewart1969' on page 11 undefined on input line 629.


LaTeX Warning: Reference `lowE+1.1' on page 11 undefined on input line 644.


LaTeX Warning: Reference `U1starU2' on page 11 undefined on input line 644.


LaTeX Warning: Reference `V2starV1' on page 11 undefined on input line 644.

[11]

LaTeX Warning: Reference `low1' on page 12 undefined on input line 652.


LaTeX Warning: Reference `low-thm1' on page 12 undefined on input line 655.


LaTeX Warning: Reference `low-thm1' on page 12 undefined on input line 658.


LaTeX Warning: Reference `corup1' on page 12 undefined on input line 670.


LaTeX Warning: Reference `low1' on page 12 undefined on input line 680.


LaTeX Warning: Reference `corlow1.1' on page 12 undefined on input line 680.


LaTeX Warning: Reference `low-thm1' on page 12 undefined on input line 684.


LaTeX Warning: Reference `up-thm2' on page 12 undefined on input line 695.

[12]

LaTeX Warning: Reference `E1' on page 13 undefined on input line 717.


LaTeX Warning: Reference `lowE+1.1' on page 13 undefined on input line 726.


LaTeX Warning: Reference `low-UV1' on page 13 undefined on input line 726.


LaTeX Warning: Reference `low2.1' on page 13 undefined on input line 734.


LaTeX Warning: Reference `E2' on page 13 undefined on input line 736.


LaTeX Warning: Reference `s=r' on page 13 undefined on input line 736.


LaTeX Warning: Reference `lowE+1.1' on page 13 undefined on input line 745.


LaTeX Warning: Reference `low-UV2' on page 13 undefined on input line 745.

[13]

LaTeX Warning: Reference `low2.2' on page 14 undefined on input line 753.


LaTeX Warning: Reference `sec:main' on page 14 undefined on input line 762.


LaTeX Warning: Reference `sec:main' on page 14 undefined on input line 762.


LaTeX Warning: Reference `Ex0' on page 14 undefined on input line 764.


LaTeX Warning: Reference `subsec:upper' on page 14 undefined on input line 764.


LaTeX Warning: Reference `Ex1' on page 14 undefined on input line 780.


LaTeX Warning: Reference `Li1' on page 14 undefined on input line 780.


LaTeX Warning: Reference `up1' on page 14 undefined on input line 780.


LaTeX Warning: Reference `corup1.1' on page 14 undefined on input line 780.


LaTeX Warning: Reference `corup1.2' on page 14 undefined on input line 780.


LaTeX Warning: Reference `up2.1' on page 14 undefined on input line 780.


LaTeX Warning: Reference `tab:up' on page 14 undefined on input line 780.


LaTeX Warning: Reference `fig:up' on page 14 undefined on input line 780.


LaTeX Warning: Reference `Li1' on page 14 undefined on input line 789.


LaTeX Warning: Reference `up1' on page 14 undefined on input line 790.


LaTeX Warning: Reference `corup1.1' on page 14 undefined on input line 791.


LaTeX Warning: Reference `corup1.2' on page 14 undefined on input line 792.


LaTeX Warning: Reference `up2.1' on page 14 undefined on input line 793.


LaTeX Warning: Reference `Li1' on page 14 undefined on input line 796.


LaTeX Warning: Reference `up1' on page 14 undefined on input line 796.


LaTeX Warning: Reference `corup1.1' on page 14 undefined on input line 796.


LaTeX Warning: Reference `corup1.2' on page 14 undefined on input line 796.


LaTeX Warning: Reference `up2.1' on page 14 undefined on input line 796.


LaTeX Warning: Reference `Li1' on page 14 undefined on input line 796.


LaTeX Warning: Reference `up1' on page 14 undefined on input line 796.


LaTeX Warning: Reference `corup1.1' on page 14 undefined on input line 796.


LaTeX Warning: Reference `corup1.2' on page 14 undefined on input line 796.


LaTeX Warning: Reference `up2.1' on page 14 undefined on input line 796.


LaTeX Warning: File `Fig1-upper.pdf' not found on input line 802.


! Package luatex.def Error: File `Fig1-upper.pdf' not found.

See the luatex.def package documentation for explanation.
Type  H <return>  for immediate help.
 ...                                              
                                                  
l.802 \includegraphics[width=3.5in]{Fig1-upper.pdf}
                                                 
Using draft setting for this image.
Try typing  <return>  to proceed.
If that doesn't work, type  X <return>  to quit.


LaTeX Warning: Reference `Li1' on page 14 undefined on input line 803.


LaTeX Warning: Reference `up1' on page 14 undefined on input line 803.


LaTeX Warning: Reference `corup1.1' on page 14 undefined on input line 803.


LaTeX Warning: Reference `corup1.2' on page 14 undefined on input line 803.


LaTeX Warning: Reference `up2.1' on page 14 undefined on input line 803.


LaTeX Warning: Reference `Li1' on page 14 undefined on input line 803.


LaTeX Warning: Reference `up1' on page 14 undefined on input line 803.


LaTeX Warning: Reference `corup1.1' on page 14 undefined on input line 803.


LaTeX Warning: Reference `corup1.2' on page 14 undefined on input line 803.


LaTeX Warning: Reference `up2.1' on page 14 undefined on input line 803.


LaTeX Warning: `!h' float specifier changed to `!ht'.


LaTeX Warning: Reference `tab:up' on page 14 undefined on input line 807.


LaTeX Warning: Reference `up1' on page 14 undefined on input line 807.


LaTeX Warning: Reference `corup1.1' on page 14 undefined on input line 807.


LaTeX Warning: Reference `up2.1' on page 14 undefined on input line 807.


LaTeX Warning: Reference `fig:up' on page 14 undefined on input line 807.


LaTeX Warning: Reference `corup1.2' on page 14 undefined on input line 807.


LaTeX Warning: Reference `tab:up' on page 14 undefined on input line 807.


LaTeX Warning: Reference `Li1' on page 14 undefined on input line 807.


LaTeX Warning: Reference `subsec:lower' on page 14 undefined on input line 809.

[14]

LaTeX Warning: Reference `Ex2' on page 15 undefined on input line 825.


LaTeX Warning: Reference `low1' on page 15 undefined on input line 825.


LaTeX Warning: Reference `low2.1' on page 15 undefined on input line 825.


LaTeX Warning: Reference `tab:low' on page 15 undefined on input line 825.


LaTeX Warning: Reference `fig:low' on page 15 undefined on input line 825.


LaTeX Warning: Reference `low1' on page 15 undefined on input line 834.


LaTeX Warning: Reference `corlow1.1' on page 15 undefined on input line 835.


LaTeX Warning: Reference `corlow1.2' on page 15 undefined on input line 836.


LaTeX Warning: Reference `low2.1' on page 15 undefined on input line 837.


LaTeX Warning: Reference `low1' on page 15 undefined on input line 840.


LaTeX Warning: Reference `low2.1' on page 15 undefined on input line 840.


LaTeX Warning: Reference `low1' on page 15 undefined on input line 840.


LaTeX Warning: Reference `low2.1' on page 15 undefined on input line 840.


LaTeX Warning: File `Fig2-lower.pdf' not found on input line 846.


! Package luatex.def Error: File `Fig2-lower.pdf' not found.

See the luatex.def package documentation for explanation.
Type  H <return>  for immediate help.
 ...                                              
                                                  
l.846 \includegraphics[width=3.5in]{Fig2-lower.pdf}
                                                 
Using draft setting for this image.
Try typing  <return>  to proceed.
If that doesn't work, type  X <return>  to quit.


LaTeX Warning: Reference `low1' on page 15 undefined on input line 847.


LaTeX Warning: Reference `low2.1' on page 15 undefined on input line 847.


LaTeX Warning: Reference `low1' on page 15 undefined on input line 847.


LaTeX Warning: Reference `low2.1' on page 15 undefined on input line 847.


LaTeX Warning: `!h' float specifier changed to `!ht'.


LaTeX Warning: Reference `tab:low' on page 15 undefined on input line 851.


LaTeX Warning: Reference `low1' on page 15 undefined on input line 851.


LaTeX Warning: Reference `corlow1.1' on page 15 undefined on input line 851.


LaTeX Warning: Reference `fig:low' on page 15 undefined on input line 851.


LaTeX Warning: Reference `corlow1.2' on page 15 undefined on input line 851.


LaTeX Warning: Reference `low2.1' on page 15 undefined on input line 851.


LaTeX Warning: Reference `corlow1.2' on page 15 undefined on input line 851.


LaTeX Warning: Reference `low2.1' on page 15 undefined on input line 851.


LaTeX Warning: Reference `low2.1' on page 15 undefined on input line 851.


LaTeX Warning: Reference `corlow1.2' on page 15 undefined on input line 851.

[15]
No file The_perturbation_of_Moore-Penrose_inverse.bbl.
Package atveryend Info: Empty hook `BeforeClearDocument' on input line 866.
[16]
Package atveryend Info: Empty hook `AfterLastShipout' on input line 866.
 (./The_perturbation_of_Moore-Penrose_inverse.aux)
Package atveryend Info: Executing hook `AtVeryEndDocument' on input line 866.
Package atveryend Info: Executing hook `AtEndAfterFileList' on input line 866.


Package rerunfilecheck Warning: File `The_perturbation_of_Moore-Penrose_inverse.
out' has changed.
(rerunfilecheck)                Rerun to get outlines right
(rerunfilecheck)                or use package `bookmark'.

Package rerunfilecheck Info: Checksums for `The_perturbation_of_Moore-Penrose_in
verse.out':
(rerunfilecheck)             Before: <no file>
(rerunfilecheck)             After:  48013B6427DE2AF60E5DEE99C6DCDD1D;366.

LaTeX Warning: There were undefined references.


LaTeX Warning: Label(s) may have changed. Rerun to get cross-references right.

Package atveryend Info: Empty hook `AtVeryVeryEnd' on input line 866.
)

Here is how much of LuaTeX's memory you used:
 8550 strings out of 495119
 100000,221844 words of node,token memory allocated
 18121 words of node memory still in use:
   6 hlist, 2 vlist, 2 rule, 2533 glue, 1 kern, 46 glue_spec, 1 write nodes
   avail lists: 2:24,3:185,4:33,5:378,6:2379,7:604,8:101,9:1082,10:27,11:220
 11549 multiletter control sequences out of 65536+600000
 136 fonts using 5632319 bytes
 36i,15n,39p,1196b,428s stack positions out of 5000i,500n,10000p,200000b,100000s
{/usr/local/texlive/2016/texmf-dist/fonts/enc/dvips/cm-super/cm-super-t1.enc}</u
sr/local/texlive/2016/texmf-dist/fonts/type1/public/amsfonts/cm/cmex10.pfb></usr
/local/texlive/2016/texmf-dist/fonts/type1/public/amsfonts/cm/cmmi10.pfb></usr/l
ocal/texlive/2016/texmf-dist/fonts/type1/public/amsfonts/cm/cmmi6.pfb></usr/loca
l/texlive/2016/texmf-dist/fonts/type1/public/amsfonts/cm/cmmi8.pfb></usr/local/t
exlive/2016/texmf-dist/fonts/type1/public/amsfonts/cm/cmr10.pfb></usr/local/texl
ive/2016/texmf-dist/fonts/type1/public/amsfonts/cm/cmr6.pfb></usr/local/texlive/
2016/texmf-dist/fonts/type1/public/amsfonts/cm/cmr8.pfb></usr/local/texlive/2016
/texmf-dist/fonts/type1/public/amsfonts/cm/cmsy10.pfb></usr/local/texlive/2016/t
exmf-dist/fonts/type1/public/amsfonts/cm/cmsy6.pfb></usr/local/texlive/2016/texm
f-dist/fonts/type1/public/amsfonts/cm/cmsy8.pfb></usr/local/texlive/2016/texmf-d
ist/fonts/type1/public/amsfonts/symbols/msbm10.pfb></usr/local/texlive/2016/texm
f-dist/fonts/type1/public/rsfs/rsfs10.pfb></usr/local/texlive/2016/texmf-dist/fo
nts/type1/public/cm-super/sfbx1000.pfb></usr/local/texlive/2016/texmf-dist/fonts
/type1/public/cm-super/sfbx1095.pfb></usr/local/texlive/2016/texmf-dist/fonts/ty
pe1/public/cm-super/sfbx1200.pfb></usr/local/texlive/2016/texmf-dist/fonts/type1
/public/cm-super/sfbx1440.pfb></usr/local/texlive/2016/texmf-dist/fonts/type1/pu
blic/cm-super/sfrm0900.pfb></usr/local/texlive/2016/texmf-dist/fonts/type1/publi
c/cm-super/sfrm1000.pfb></usr/local/texlive/2016/texmf-dist/fonts/type1/public/c
m-super/sfrm1095.pfb></usr/local/texlive/2016/texmf-dist/fonts/type1/public/cm-s
uper/sfrm1200.pfb></usr/local/texlive/2016/texmf-dist/fonts/type1/public/cm-supe
r/sfrm1728.pfb></usr/local/texlive/2016/texmf-dist/fonts/type1/public/cm-super/s
fti1095.pfb></usr/local/texlive/2016/texmf-dist/fonts/type1/public/cm-super/sftt
0900.pfb></usr/local/texlive/2016/texmf-dist/fonts/type1/public/cm-super/sftt109
5.pfb>
Output written on The_perturbation_of_Moore-Penrose_inverse.pdf (16 pages, 4237
90 bytes).

PDF statistics: 270 PDF objects out of 1000 (max. 8388607)
 225 compressed objects within 3 object streams
 109 named destinations out of 1000 (max. 131072)
 1 words of extra memory for PDF output out of 10000 (max. 10000000)

