This is LuaTeX, Version 1.0.4 (TeX Live 2017)  (format=lualatex 2017.10.30)  11 NOV 2018 08:53
 restricted system commands enabled.
**fatalic.tex
(./fatalic.tex
LaTeX2e <2017-04-15>
Lua module: luaotfload-main 2017/01/29 2.80001 OpenType layout system.
Lua module: lualibs 2017-02-01 2.5 ConTeXt Lua standard libraries.
Lua module: lualibs-extended 2017-02-01 2.5 ConTeXt Lua libraries -- extended co
llection.(using write cache: /Users/dormaayanoffice/Library/texlive/2017/texmf-v
ar/luatex-cache/generic)(using read cache: /usr/local/texlive/2017/texmf-var/lua
tex-cache/generic /Users/dormaayanoffice/Library/texlive/2017/texmf-var/luatex-c
ache/generic)
luaotfload | conf : Root cache directory is /Users/dormaayanoffice/Library/texli
ve/2017/texmf-var/luatex-cache/generic/names.
luaotfload | init : Loading fontloader “fontloader-2017-02-11.lua” from kpse
-resolved path “/usr/local/texlive/2017/texmf-dist/tex/luatex/luaotfload/fontl
oader-2017-02-11.lua”.
Lua-only attribute luaotfload@state = 1
Lua-only attribute luaotfload@noligature = 2
Lua-only attribute luaotfload@syllabe = 3
luaotfload | init : Context OpenType loader version “3.027”
Inserting `luaotfload.node_processor' at position 1 in `pre_linebreak_filter'.
Inserting `luaotfload.node_processor' at position 1 in `hpack_filter'.
Inserting `luaotfload.define_font' at position 1 in `define_font'.
Lua-only attribute luaotfload_color_attribute = 4
luaotfload | conf : Root cache directory is /Users/dormaayanoffice/Library/texli
ve/2017/texmf-var/luatex-cache/generic/names.
Inserting `luaotfload.aux.set_sscale_dimens' at position 1 in `luaotfload.patch_
font'.
Inserting `luaotfload.aux.patch_cambria_domh' at position 2 in `luaotfload.patch
_font'.
Inserting `luaotfload.aux.fixup_fontdata' at position 1 in `luaotfload.patch_fon
t_unsafe'.
Inserting `luaotfload.aux.set_capheight' at position 3 in `luaotfload.patch_font
'.
Inserting `luaotfload.rewrite_fontname' at position 4 in `luaotfload.patch_font'
.
luaotfload | main : initialization completed in 0.196 seconds
Babel <3.10> and hyphenation patterns for 1 language(s) loaded.
(/usr/local/texlive/2017/texmf-dist/tex/latex/base/article.cls
Document Class: article 2014/09/29 v1.4h Standard LaTeX document class
(/usr/local/texlive/2017/texmf-dist/tex/latex/base/size11.clo
File: size11.clo 2014/09/29 v1.4h Standard LaTeX file (size option)
luaotfload | db : Font names database loaded from /Users/dormaayanoffice/Library
/texlive/2017/texmf-var/luatex-cache/generic/names/luaotfload-names.luc(load luc
: /Users/dormaayanoffice/Library/texlive/2017/texmf-var/luatex-cache/generic/fon
ts/otl/lmroman10-regular.luc))
\c@part=\count79
\c@section=\count80
\c@subsection=\count81
\c@subsubsection=\count82
\c@paragraph=\count83
\c@subparagraph=\count84
\c@figure=\count85
\c@table=\count86
\abovecaptionskip=\skip41
\belowcaptionskip=\skip42
\bibindent=\dimen102
)
! Undefined control sequence.
<recently read> \pdfoutput 
           
l.2 \pdfoutput
            =1
The control sequence at the end of the top line
of your error message was never \def'ed. If you have
misspelled it (e.g., `\hobx'), type `I' and the correct
spelling (e.g., `I\hbox'). Otherwise just continue,
and I'll forget about whatever was undefined.


! LaTeX Error: Missing \begin{document}.

See the LaTeX manual or LaTeX Companion for explanation.
Type  H <return>  for immediate help.
 ...                                              
                                                  
l.2 \pdfoutput=
             1
You're in trouble here.  Try typing  <return>  to proceed.
If that doesn't work, type  X <return>  to quit.


! LaTeX Error: File `jinstpub.sty' not found.

Type X to quit or <RETURN> to proceed,
or enter new name. (Default extension: sty)

Enter file name: 
! Emergency stop.
<read *> 
   
l.4 \usepackage
             {fatalic-defs}
*** (cannot \read from terminal in nonstop modes)



Here is how much of LuaTeX's memory you used:
 211 strings out of 494481
 100000,89155 words of node,token memory allocated 373 words of node memory still in use:
   2 hlist, 1 rule, 1 local_par, 1 dir, 2 glue, 2 glyph, 4 attribute, 45 glue_sp
ec, 4 attribute_list, 1 temp, 1 write nodes
   avail lists: 2:3,3:1,4:1,5:1,9:2
 4441 multiletter control sequences out of 65536+600000
 15 fonts using 723367 bytes
 22i,0n,19p,124b,40s stack positions out of 5000i,500n,10000p,200000b,100000s
!  ==> Fatal error occurred, no output PDF file produced!
